[2019-02-17 23:08:40,468] 48721_worker_server INFO:Socket starts at 127.0.0.1:48721
[2019-02-17 23:08:40,468] 48721_worker_server INFO:Listening...
[2019-02-17 23:08:42,305] Client_Thread-1 INFO:Got connection from 127.0.0.1:35340
[2019-02-17 23:08:42,306] Client_Thread-1 INFO:The connection's group name is admin
[2019-02-17 23:08:42,306] 48721_worker_server INFO:Listening...
[2019-02-17 23:08:42,306] Client_Thread-1 INFO:Recieving the Python script file...
[2019-02-17 23:08:42,351] Client_Thread-1 INFO:Writing the Python script file to /home/zhiangz/Documents/48721_ass3_part1/rmt_worker/log/admin/Eplus-env-run70...
[2019-02-17 23:08:42,351] Client_Thread-1 INFO:Writing is finished
[2019-02-17 23:08:42,351] Client_Thread-1 INFO:Starting to run the script
[2019-02-17 23:08:42,353] Client_Thread-1 INFO:Finished task for 127.0.0.1:35340
[2019-02-17 23:08:42,895] Client_Thread-1 INFO:2019-02-17 23:08:42,895-xremote-INFO-2323220

[2019-02-17 23:08:43,396] Client_Thread-1 INFO:2019-02-17 23:08:43,396-xremote-INFO-2323221

[2019-02-17 23:08:43,897] Client_Thread-1 INFO:2019-02-17 23:08:43,897-xremote-INFO-2323222

[2019-02-17 23:08:44,399] Client_Thread-1 INFO:2019-02-17 23:08:44,399-xremote-INFO-2323223

[2019-02-17 23:08:44,900] Client_Thread-1 INFO:2019-02-17 23:08:44,900-xremote-INFO-2323224

[2019-02-17 23:08:44,905] Client_Thread-1 INFO:Zipping the results at /home/zhiangz/Documents/48721_ass3_part1/rmt_worker/log/admin/Eplus-env-run70...
[2019-02-17 23:08:44,908] Client_Thread-1 INFO:Zipping is successful
[2019-02-17 23:08:44,909] Client_Thread-1 INFO:Results file to send is 12862 bytes
[2019-02-17 23:10:16,263] Client_Thread-4 INFO:Got connection from 127.0.0.1:35342
[2019-02-17 23:10:16,264] Client_Thread-4 INFO:The connection's group name is admin
[2019-02-17 23:10:16,264] 48721_worker_server INFO:Listening...
[2019-02-17 23:10:16,264] Client_Thread-4 INFO:Recieving the Python script file...
[2019-02-17 23:10:16,307] Client_Thread-4 INFO:Writing the Python script file to /home/zhiangz/Documents/48721_ass3_part1/rmt_worker/log/admin/Eplus-env-run71...
[2019-02-17 23:10:16,307] Client_Thread-4 INFO:Writing is finished
[2019-02-17 23:10:16,307] Client_Thread-4 INFO:Starting to run the script
[2019-02-17 23:10:16,309] Client_Thread-4 INFO:Finished task for 127.0.0.1:35342
[2019-02-17 23:10:16,852] Client_Thread-4 INFO:2019-02-17 23:10:16,852-xremote-INFO-2323220

[2019-02-17 23:10:17,353] Client_Thread-4 INFO:2019-02-17 23:10:17,352-xremote-INFO-2323221

[2019-02-17 23:10:17,854] Client_Thread-4 INFO:2019-02-17 23:10:17,854-xremote-INFO-2323222

[2019-02-17 23:10:18,356] Client_Thread-4 INFO:2019-02-17 23:10:18,355-xremote-INFO-2323223

[2019-02-17 23:10:18,856] Client_Thread-4 INFO:2019-02-17 23:10:18,856-xremote-INFO-2323224

[2019-02-17 23:10:18,861] Client_Thread-4 INFO:Zipping the results at /home/zhiangz/Documents/48721_ass3_part1/rmt_worker/log/admin/Eplus-env-run71...
[2019-02-17 23:10:18,864] Client_Thread-4 INFO:Zipping is successful
[2019-02-17 23:10:18,865] Client_Thread-4 INFO:Results file to send is 12864 bytes
