[2019-02-17 22:19:43,308] 48721_worker_server INFO:Socket starts at 127.0.0.1:48721
[2019-02-17 22:19:43,308] 48721_worker_server INFO:Listening...
[2019-02-17 22:19:48,240] Client_Thread-1 INFO:Got connection from 127.0.0.1:34542
[2019-02-17 22:19:48,240] Client_Thread-1 INFO:The connection's group name is admin
[2019-02-17 22:19:48,240] Client_Thread-1 INFO:Recieving the Python script file...
[2019-02-17 22:19:48,240] 48721_worker_server INFO:Listening...
[2019-02-17 22:19:48,286] Client_Thread-1 INFO:Writing the Python script file to /home/zhiangz/Documents/48721_ass3_part1/rmt_worker/log/admin/Eplus-env-run48...
[2019-02-17 22:19:48,286] Client_Thread-1 INFO:Writing is finished
[2019-02-17 22:19:48,286] Client_Thread-1 INFO:Starting to run the script
[2019-02-17 22:19:48,288] Client_Thread-1 INFO:Finished task for 127.0.0.1:34542
[2019-02-17 22:19:48,844] Client_Thread-1 INFO:2019-02-17 22:19:48,844-xremote-INFO-2323220

[2019-02-17 22:19:49,346] Client_Thread-1 INFO:2019-02-17 22:19:49,345-xremote-INFO-2323221

[2019-02-17 22:19:49,848] Client_Thread-1 INFO:2019-02-17 22:19:49,847-xremote-INFO-2323222

[2019-02-17 22:19:50,350] Client_Thread-1 INFO:2019-02-17 22:19:50,349-xremote-INFO-2323223

[2019-02-17 22:19:50,851] Client_Thread-1 INFO:2019-02-17 22:19:50,851-xremote-INFO-2323224

[2019-02-17 22:19:50,858] Client_Thread-1 INFO:Zipping the results...
[2019-02-17 22:19:50,861] Client_Thread-1 INFO:Zipping is successful
[2019-02-17 22:19:50,861] Client_Thread-1 INFO:Results file to send is 1156 bytes
[2019-02-17 22:19:50,910] Client_Thread-1 ERROR:Error is encountered when zipping the results, Traceback (most recent call last):
  File "/home/zhiangz/Documents/48721_ass3_part1/rmt_worker/server.py", line 139, in _python_process_handler
    c.sendall(f_line);
BrokenPipeError: [Errno 32] Broken pipe

[2019-02-17 22:20:35,071] 48721_worker_server INFO:Listening...
[2019-02-17 22:20:35,071] Client_Thread-4 INFO:Got connection from 127.0.0.1:34544
[2019-02-17 22:20:35,071] Client_Thread-4 INFO:The connection's group name is admin
[2019-02-17 22:20:35,071] Client_Thread-4 INFO:Recieving the Python script file...
[2019-02-17 22:20:35,114] Client_Thread-4 INFO:Writing the Python script file to /home/zhiangz/Documents/48721_ass3_part1/rmt_worker/log/admin/Eplus-env-run49...
[2019-02-17 22:20:35,114] Client_Thread-4 INFO:Writing is finished
[2019-02-17 22:20:35,114] Client_Thread-4 INFO:Starting to run the script
[2019-02-17 22:20:35,116] Client_Thread-4 INFO:Finished task for 127.0.0.1:34544
[2019-02-17 22:20:35,663] Client_Thread-4 INFO:2019-02-17 22:20:35,662-xremote-INFO-2323220

[2019-02-17 22:20:36,165] Client_Thread-4 INFO:2019-02-17 22:20:36,165-xremote-INFO-2323221

[2019-02-17 22:20:36,666] Client_Thread-4 INFO:2019-02-17 22:20:36,666-xremote-INFO-2323222

[2019-02-17 22:20:37,166] Client_Thread-4 INFO:2019-02-17 22:20:37,166-xremote-INFO-2323223

[2019-02-17 22:20:37,669] Client_Thread-4 INFO:2019-02-17 22:20:37,666-xremote-INFO-2323224

[2019-02-17 22:20:37,672] Client_Thread-4 INFO:Zipping the results...
[2019-02-17 22:20:37,675] Client_Thread-4 INFO:Zipping is successful
[2019-02-17 22:20:37,675] Client_Thread-4 INFO:Results file to send is 2290 bytes
[2019-02-17 22:21:54,846] Client_Thread-4 ERROR:Error is encountered when zipping the results, Traceback (most recent call last):
  File "/home/zhiangz/Documents/48721_ass3_part1/rmt_worker/server.py", line 139, in _python_process_handler
    c.sendall(f_line);
BrokenPipeError: [Errno 32] Broken pipe

[2019-02-17 22:21:56,274] 48721_worker_server INFO:Listening...
[2019-02-17 22:21:56,274] Client_Thread-6 INFO:Got connection from 127.0.0.1:34546
[2019-02-17 22:21:56,274] Client_Thread-6 INFO:The connection's group name is admin
[2019-02-17 22:21:56,274] Client_Thread-6 INFO:Recieving the Python script file...
[2019-02-17 22:21:56,318] Client_Thread-6 INFO:Writing the Python script file to /home/zhiangz/Documents/48721_ass3_part1/rmt_worker/log/admin/Eplus-env-run50...
[2019-02-17 22:21:56,318] Client_Thread-6 INFO:Writing is finished
[2019-02-17 22:21:56,319] Client_Thread-6 INFO:Starting to run the script
[2019-02-17 22:21:56,320] Client_Thread-6 INFO:Finished task for 127.0.0.1:34546
[2019-02-17 22:21:56,867] Client_Thread-6 INFO:2019-02-17 22:21:56,867-xremote-INFO-2323220

[2019-02-17 22:21:57,369] Client_Thread-6 INFO:2019-02-17 22:21:57,369-xremote-INFO-2323221

[2019-02-17 22:21:57,871] Client_Thread-6 INFO:2019-02-17 22:21:57,871-xremote-INFO-2323222

[2019-02-17 22:21:58,372] Client_Thread-6 INFO:2019-02-17 22:21:58,371-xremote-INFO-2323223

[2019-02-17 22:21:58,874] Client_Thread-6 INFO:2019-02-17 22:21:58,874-xremote-INFO-2323224

[2019-02-17 22:21:58,879] Client_Thread-6 INFO:Zipping the results...
[2019-02-17 22:21:58,883] Client_Thread-6 INFO:Zipping is successful
[2019-02-17 22:21:58,883] Client_Thread-6 INFO:Results file to send is 3424 bytes
[2019-02-17 22:23:11,852] Client_Thread-6 ERROR:Error is encountered when zipping the results, Traceback (most recent call last):
  File "/home/zhiangz/Documents/48721_ass3_part1/rmt_worker/server.py", line 139, in _python_process_handler
    c.sendall(f_line);
BrokenPipeError: [Errno 32] Broken pipe

[2019-02-17 22:23:12,671] 48721_worker_server INFO:Listening...
[2019-02-17 22:23:12,671] Client_Thread-8 INFO:Got connection from 127.0.0.1:34548
[2019-02-17 22:23:12,671] Client_Thread-8 INFO:The connection's group name is admin
[2019-02-17 22:23:12,671] Client_Thread-8 INFO:Recieving the Python script file...
[2019-02-17 22:23:12,714] Client_Thread-8 INFO:Writing the Python script file to /home/zhiangz/Documents/48721_ass3_part1/rmt_worker/log/admin/Eplus-env-run51...
[2019-02-17 22:23:12,714] Client_Thread-8 INFO:Writing is finished
[2019-02-17 22:23:12,715] Client_Thread-8 INFO:Starting to run the script
[2019-02-17 22:23:12,717] Client_Thread-8 INFO:Finished task for 127.0.0.1:34548
[2019-02-17 22:23:13,259] Client_Thread-8 INFO:2019-02-17 22:23:13,258-xremote-INFO-2323220

[2019-02-17 22:23:13,759] Client_Thread-8 INFO:2019-02-17 22:23:13,759-xremote-INFO-2323221

[2019-02-17 22:23:14,260] Client_Thread-8 INFO:2019-02-17 22:23:14,260-xremote-INFO-2323222

[2019-02-17 22:23:14,762] Client_Thread-8 INFO:2019-02-17 22:23:14,762-xremote-INFO-2323223

[2019-02-17 22:23:15,263] Client_Thread-8 INFO:2019-02-17 22:23:15,263-xremote-INFO-2323224

[2019-02-17 22:23:15,268] Client_Thread-8 INFO:Zipping the results...
[2019-02-17 22:23:15,271] Client_Thread-8 INFO:Zipping is successful
[2019-02-17 22:23:15,271] Client_Thread-8 INFO:Results file to send is 4558 bytes
[2019-02-17 22:24:33,379] Client_Thread-8 ERROR:Error is encountered when zipping the results, Traceback (most recent call last):
  File "/home/zhiangz/Documents/48721_ass3_part1/rmt_worker/server.py", line 139, in _python_process_handler
    c.sendall(f_line);
BrokenPipeError: [Errno 32] Broken pipe

[2019-02-17 22:24:34,414] Client_Thread-10 INFO:Got connection from 127.0.0.1:34550
[2019-02-17 22:24:34,414] Client_Thread-10 INFO:The connection's group name is admin
[2019-02-17 22:24:34,415] 48721_worker_server INFO:Listening...
[2019-02-17 22:24:34,415] Client_Thread-10 INFO:Recieving the Python script file...
[2019-02-17 22:24:34,459] Client_Thread-10 INFO:Writing the Python script file to /home/zhiangz/Documents/48721_ass3_part1/rmt_worker/log/admin/Eplus-env-run52...
[2019-02-17 22:24:34,459] Client_Thread-10 INFO:Writing is finished
[2019-02-17 22:24:34,460] Client_Thread-10 INFO:Starting to run the script
[2019-02-17 22:24:34,462] Client_Thread-10 INFO:Finished task for 127.0.0.1:34550
[2019-02-17 22:24:35,006] Client_Thread-10 INFO:2019-02-17 22:24:35,006-xremote-INFO-2323220

[2019-02-17 22:24:35,507] Client_Thread-10 INFO:2019-02-17 22:24:35,507-xremote-INFO-2323221

[2019-02-17 22:24:36,009] Client_Thread-10 INFO:2019-02-17 22:24:36,009-xremote-INFO-2323222

[2019-02-17 22:24:36,511] Client_Thread-10 INFO:2019-02-17 22:24:36,511-xremote-INFO-2323223

[2019-02-17 22:24:37,014] Client_Thread-10 INFO:2019-02-17 22:24:37,014-xremote-INFO-2323224

[2019-02-17 22:24:37,020] Client_Thread-10 INFO:Zipping the results...
[2019-02-17 22:24:37,023] Client_Thread-10 INFO:Zipping is successful
[2019-02-17 22:24:37,023] Client_Thread-10 INFO:Results file to send is 5692 bytes
