[2019-02-17 22:13:14,602] 48721_worker_server INFO:Socket starts at 127.0.0.1:48721
[2019-02-17 22:13:14,602] 48721_worker_server INFO:Listening...
[2019-02-17 22:13:23,467] 48721_worker_server INFO:Listening...
[2019-02-17 22:13:23,468] Client_Thread-1 INFO:Got connection from 127.0.0.1:34532
[2019-02-17 22:13:23,468] Client_Thread-1 INFO:The connection's group name is admin
[2019-02-17 22:13:23,468] Client_Thread-1 INFO:Recieving the Python script file...
[2019-02-17 22:13:23,510] Client_Thread-1 INFO:Writing the Python script file to /home/zhiangz/Documents/48721_ass3_part1/rmt_worker/log/admin/Eplus-env-run45...
[2019-02-17 22:13:23,510] Client_Thread-1 INFO:Writing is finished
[2019-02-17 22:13:23,510] Client_Thread-1 INFO:Starting to run the script
[2019-02-17 22:13:23,512] Client_Thread-1 INFO:Finished task for 127.0.0.1:34532
[2019-02-17 22:13:24,059] Client_Thread-1 INFO:2019-02-17 22:13:24,058-xremote-INFO-2323220

[2019-02-17 22:13:24,560] Client_Thread-1 INFO:2019-02-17 22:13:24,560-xremote-INFO-2323221

[2019-02-17 22:13:25,061] Client_Thread-1 INFO:2019-02-17 22:13:25,061-xremote-INFO-2323222

[2019-02-17 22:13:25,562] Client_Thread-1 INFO:2019-02-17 22:13:25,562-xremote-INFO-2323223

[2019-02-17 22:13:26,063] Client_Thread-1 INFO:2019-02-17 22:13:26,063-xremote-INFO-2323224

[2019-02-17 22:13:26,566] Client_Thread-1 INFO:2019-02-17 22:13:26,566-xremote-INFO-2323225

[2019-02-17 22:13:27,068] Client_Thread-1 INFO:2019-02-17 22:13:27,068-xremote-INFO-2323226

[2019-02-17 22:13:27,571] Client_Thread-1 INFO:2019-02-17 22:13:27,571-xremote-INFO-2323227

[2019-02-17 22:13:28,074] Client_Thread-1 INFO:2019-02-17 22:13:28,073-xremote-INFO-2323228

[2019-02-17 22:13:28,575] Client_Thread-1 INFO:2019-02-17 22:13:28,575-xremote-INFO-2323229

[2019-02-17 22:13:28,582] Client_Thread-1 INFO:Zipping the results...
[2019-02-17 22:13:28,585] Client_Thread-1 INFO:Zipping is successful
