[2019-02-17 22:05:37,062] 48721_worker_server INFO:Socket starts at 127.0.0.1:48721
[2019-02-17 22:05:37,062] 48721_worker_server INFO:Listening...
[2019-02-17 22:05:40,236] Client_Thread-1 INFO:Got connection from 127.0.0.1:34530
[2019-02-17 22:05:40,236] Client_Thread-1 INFO:The connection's group name is admin
[2019-02-17 22:05:40,237] 48721_worker_server INFO:Listening...
[2019-02-17 22:05:40,237] Client_Thread-1 INFO:Recieving the Python script file...
[2019-02-17 22:05:40,281] Client_Thread-1 INFO:Writing the Python script file to /home/zhiangz/Documents/48721_ass3_part1/rmt_worker/log/admin/Eplus-env-run44...
[2019-02-17 22:05:40,282] Client_Thread-1 INFO:Writing is finished
[2019-02-17 22:05:40,282] Client_Thread-1 INFO:Starting to run the script
[2019-02-17 22:05:40,284] Client_Thread-1 INFO:Finished task for 127.0.0.1:34530
[2019-02-17 22:05:40,843] Client_Thread-1 INFO:2019-02-17 22:05:40,842-xremote-INFO-2323220

[2019-02-17 22:05:41,344] Client_Thread-1 INFO:2019-02-17 22:05:41,344-xremote-INFO-2323221

[2019-02-17 22:05:41,845] Client_Thread-1 INFO:2019-02-17 22:05:41,845-xremote-INFO-2323222

[2019-02-17 22:05:42,348] Client_Thread-1 INFO:2019-02-17 22:05:42,348-xremote-INFO-2323223

[2019-02-17 22:05:42,850] Client_Thread-1 INFO:2019-02-17 22:05:42,850-xremote-INFO-2323224

[2019-02-17 22:05:43,352] Client_Thread-1 INFO:2019-02-17 22:05:43,351-xremote-INFO-2323225

[2019-02-17 22:05:43,853] Client_Thread-1 INFO:2019-02-17 22:05:43,853-xremote-INFO-2323226

[2019-02-17 22:05:44,355] Client_Thread-1 INFO:2019-02-17 22:05:44,355-xremote-INFO-2323227

[2019-02-17 22:05:44,857] Client_Thread-1 INFO:2019-02-17 22:05:44,857-xremote-INFO-2323228

[2019-02-17 22:05:45,358] Client_Thread-1 INFO:2019-02-17 22:05:45,357-xremote-INFO-2323229

[2019-02-17 22:05:45,364] Client_Thread-1 INFO:Zipping the results...
[2019-02-17 22:05:45,367] Client_Thread-1 INFO:Zipping is successful
