[2019-02-17 22:17:40,722] 48721_worker_server INFO:Socket starts at 127.0.0.1:48721
[2019-02-17 22:17:40,722] 48721_worker_server INFO:Listening...
[2019-02-17 22:17:42,858] Client_Thread-1 INFO:Got connection from 127.0.0.1:34540
[2019-02-17 22:17:42,858] 48721_worker_server INFO:Listening...
[2019-02-17 22:17:42,859] Client_Thread-1 INFO:The connection's group name is admin
[2019-02-17 22:17:42,859] Client_Thread-1 INFO:Recieving the Python script file...
[2019-02-17 22:17:42,903] Client_Thread-1 INFO:Writing the Python script file to /home/zhiangz/Documents/48721_ass3_part1/rmt_worker/log/admin/Eplus-env-run47...
[2019-02-17 22:17:42,903] Client_Thread-1 INFO:Writing is finished
[2019-02-17 22:17:42,903] Client_Thread-1 INFO:Starting to run the script
[2019-02-17 22:17:42,906] Client_Thread-1 INFO:Finished task for 127.0.0.1:34540
[2019-02-17 22:17:43,457] Client_Thread-1 INFO:2019-02-17 22:17:43,457-xremote-INFO-2323220

[2019-02-17 22:17:43,959] Client_Thread-1 INFO:2019-02-17 22:17:43,958-xremote-INFO-2323221

[2019-02-17 22:17:44,460] Client_Thread-1 INFO:2019-02-17 22:17:44,460-xremote-INFO-2323222

[2019-02-17 22:17:44,961] Client_Thread-1 INFO:2019-02-17 22:17:44,961-xremote-INFO-2323223

[2019-02-17 22:17:45,462] Client_Thread-1 INFO:2019-02-17 22:17:45,462-xremote-INFO-2323224

[2019-02-17 22:17:45,964] Client_Thread-1 INFO:2019-02-17 22:17:45,963-xremote-INFO-2323225

[2019-02-17 22:17:46,464] Client_Thread-1 INFO:2019-02-17 22:17:46,464-xremote-INFO-2323226

[2019-02-17 22:17:46,965] Client_Thread-1 INFO:2019-02-17 22:17:46,965-xremote-INFO-2323227

[2019-02-17 22:17:47,466] Client_Thread-1 INFO:2019-02-17 22:17:47,466-xremote-INFO-2323228

[2019-02-17 22:17:47,967] Client_Thread-1 INFO:2019-02-17 22:17:47,967-xremote-INFO-2323229

[2019-02-17 22:17:47,973] Client_Thread-1 INFO:Zipping the results...
[2019-02-17 22:17:47,976] Client_Thread-1 INFO:Zipping is successful
[2019-02-17 22:17:47,976] Client_Thread-1 INFO:Results file to send is 1158 bytes
